<?xml version="1.0" encoding="UTF-8"?>
<testsuite xmlns:xsi="http://www.w3.org/2001/XMLSchema-instance" xsi:noNamespaceSchemaLocation="https://maven.apache.org/surefire/maven-surefire-plugin/xsd/surefire-test-report.xsd" name="FilmManagerImplTest" time="0.095" tests="3" errors="1" skipped="0" failures="0">
  <properties>
[...]
</properties>
  <testcase name="findLastTest2" classname="FilmManagerImplTest" time="0.039">
    <error message="Limit shouldn&apos;t be grater than capacity" type="java.lang.IllegalArgumentException">java.lang.IllegalArgumentException: Limit shouldn't be grater than capacity
	at FilmManagerImplTest.findLastTest2(FilmManagerImplTest.java:34)
</error>
  </testcase>
  <testcase name="findLastTest" classname="FilmManagerImplTest" time="0.022"/>
  <testcase name="findAllTest" classname="FilmManagerImplTest" time="0.006"/>
</testsuite>